<?xml version='1.0' encoding='UTF-8'?>
<!DOCTYPE hibernate-configuration PUBLIC
	"-//Hibernate/Hibernate Configuration DTD 3.0//EN"
	"http://hibernate.org/dtd/hibernate-configuration-3.0.dtd">

<hibernate-configuration>
	<session-factory>
		<mapping resource="LabTestType.hbm.xml" />
		<mapping resource="LabTestAttributeType.hbm.xml" />
		<mapping resource="LabTest.hbm.xml" />
		<mapping resource="LabTestAttribute.hbm.xml" />
		<mapping resource="LabTestSample.hbm.xml" />
	</session-factory>
</hibernate-configuration>
